<?xml version="1.0" encoding="UTF-8"?>
<testng-results skipped="0" failed="1" ignored="0" total="1" passed="0">
  <reporter-output>
    <line>
      <![CDATA[&emsp;<div class="test-title"> <strong><font size = "3" color = "#000080">This test case is designed to test full commission movement during QnB process<small><b><i>[chrome_windows]</b></i></small></font> </strong> </div>&emsp;<div><strong>Steps:</strong></div><!-- Report -->&emsp;]]>
    </line>
    <line>
      <![CDATA[&emsp;<div class="test-title"> <strong><font size = "3" color = "#000080">TC_7330_FullCommMovementQnBProcess [MMVP-Login]</font> </strong> </div>&emsp;<div><strong>Steps:</strong></div>&emsp;]]>
    </line>
    <line>
      <![CDATA[<div class="test-message">&emsp;<--------------------- Iteration 0 is started -----------------------></div>]]>
    </line>
    <line>
      <![CDATA[<div class="test-event"> <font color="maroon"> <small> &emsp; &emsp;--- 02 Dec 14:03:00 720 - Page URL:: https://ssp-hl-platform-web-sit.ssp-development.com/authgateway/home/login?tenant_id=08d6970c-dbe3-9019-78b8-024d6983a7d7&app_id=4ad08975-4fd7-44f4-98bf-5f5e66ec5435&redirect_url=https:%2f%2fssppureportal-devt.ssp-development.com%2fpure.portaldev2%2fjwtauthprocess.aspx&response_type=code</small> </font> </div>]]>
    </line>
    <line>
      <![CDATA[<div class="test-event"> <font color="maroon"> <small> &emsp; &emsp;--- 02 Dec 14:03:00 722 - <b>0</b> - Page Load Wait: (Sync) - com.ssp.utils.WaitUtils.waitForPageLoad(WaitUtils.java:318)</small> </font> </div>]]>
    </line>
    <line>
      <![CDATA[<div class="test-message">&emsp;Successfully navigated to LoginScreen Page&emsp;</div>]]>
    </line>
    <line>
      <![CDATA[<div class="test-message">&emsp;Value of LoginScreen_Username_fieldLabel: ------->Username</div>]]>
    </line>
    <line>
      <![CDATA[<div class="test-message">&emsp;Value of LoginScreen_Username_id: ------->fldUserName</div>]]>
    </line>
    <line>
      <![CDATA[<div class="test-message">&emsp;Value of LoginScreen_Username_inputType: ------->alphanumeric</div>]]>
    </line>
    <line>
      <![CDATA[<div class="test-message">&emsp;Value of LoginScreen_Username_length: ------->10</div>]]>
    </line>
    <line>
      <![CDATA[<div class="test-message">&emsp;Value of LoginScreen_Username_pathType: ------->css</div>]]>
    </line>
    <line>
      <![CDATA[<div class="test-message">&emsp;Value of LoginScreen_Username_screenShot: ------->false</div>]]>
    </line>
    <line>
      <![CDATA[<div class="test-message">&emsp;Value of LoginScreen_Username_type: ------->textfield</div>]]>
    </line>
    <line>
      <![CDATA[<div class="test-event"> <font color="maroon"> <small> &emsp; &emsp;--- 02 Dec 14:03:01 979 - <b>1</b> - Spinner Load Wait: (Sync) - com.ssp.utils.WaitUtils.waitForSpinner(WaitUtils.java:130)</small> </font> </div>]]>
    </line>
    <line>
      <![CDATA[<div class="test-message">&emsp;Entered text inside Username : admin@blueinsurance.com]]>
    </line>
    <line>
      <![CDATA[<div class="test-message">&emsp;Value of LoginScreen_Password_fieldLabel: ------->Password</div>]]>
    </line>
    <line>
      <![CDATA[<div class="test-message">&emsp;Value of LoginScreen_Password_id: ------->fldPassword</div>]]>
    </line>
    <line>
      <![CDATA[<div class="test-message">&emsp;Value of LoginScreen_Password_inputType: ------->alphanumeric</div>]]>
    </line>
    <line>
      <![CDATA[<div class="test-message">&emsp;Value of LoginScreen_Password_length: ------->10</div>]]>
    </line>
    <line>
      <![CDATA[<div class="test-message">&emsp;Value of LoginScreen_Password_pathType: ------->css</div>]]>
    </line>
    <line>
      <![CDATA[<div class="test-message">&emsp;Value of LoginScreen_Password_screenShot: ------->true</div>]]>
    </line>
    <line>
      <![CDATA[<div class="test-message">&emsp;Value of LoginScreen_Password_type: ------->textfield</div>]]>
    </line>
    <line>
      <![CDATA[<div class="test-event"> <font color="maroon"> <small> &emsp; &emsp;--- 02 Dec 14:03:03 742 - <b>1</b> - Spinner Load Wait: (Sync) - com.ssp.utils.WaitUtils.waitForSpinner(WaitUtils.java:130)</small> </font> </div>]]>
    </line>
    <line>
      <![CDATA[<div class="test-message">&emsp;Entered text inside Password : Password@2018&emsp;<a href=".\ScreenShot\TC_7330_FullCommMovementQnBProcess_MMVP-Login_1.png" target="_blank" >[ScreenShot]</a></div>]]>
    </line>
    <line>
      <![CDATA[<div class="test-message">&emsp;Value of LoginScreen_SignIn_fieldLabel: ------->SignIn</div>]]>
    </line>
    <line>
      <![CDATA[<div class="test-message">&emsp;Value of LoginScreen_SignIn_id: ------->btnSignIn</div>]]>
    </line>
    <line>
      <![CDATA[<div class="test-message">&emsp;Value of LoginScreen_SignIn_pathType: ------->css</div>]]>
    </line>
    <line>
      <![CDATA[<div class="test-message">&emsp;Value of LoginScreen_SignIn_screenShot: ------->false</div>]]>
    </line>
    <line>
      <![CDATA[<div class="test-message">&emsp;Value of LoginScreen_SignIn_type: ------->buttonJS</div>]]>
    </line>
    <line>
      <![CDATA[<div class="test-event"> <font color="maroon"> <small> &emsp; &emsp;--- 02 Dec 14:03:06 237 - Element is displayed:: [[RemoteWebDriver: chrome on XP (d562e8e56f6b4f5a8b449a377009226b)] -> css selector: #login_button[type='submit']]</small> </font> </div>]]>
    </line>
    <line>
      <![CDATA[<div class="test-message">&emsp;Click button is performed for SignIn]]>
    </line>
    <line>
      <![CDATA[<div class="test-event"> <font color="maroon"> <small> &emsp; &emsp;--- 02 Dec 14:03:06 934 - Page URL:: https://ssp-hl-platform-web-sit.ssp-development.com/authgateway/home/login?tenant_id=08d6970c-dbe3-9019-78b8-024d6983a7d7&app_id=4ad08975-4fd7-44f4-98bf-5f5e66ec5435&redirect_url=https:%2f%2fssppureportal-devt.ssp-development.com%2fpure.portaldev2%2fjwtauthprocess.aspx&response_type=code</small> </font> </div>]]>
    </line>
    <line>
      <![CDATA[<div class="test-event"> <font color="maroon"> <small> &emsp; &emsp;--- 02 Dec 14:03:06 937 - <b>0</b> - Page Load Wait: (Sync) - com.ssp.utils.WaitUtils.waitForPageLoad(WaitUtils.java:318)</small> </font> </div>]]>
    </line>
    <line>
      <![CDATA[<div class="test-message">&emsp;Successfully navigated to FindClient Page&emsp;</div>]]>
    </line>
    <line>
      <![CDATA[<div class="test-message">&emsp;Value of FindClient_Client Code_fieldLabel: ------->Client Code</div>]]>
    </line>
    <line>
      <![CDATA[<div class="test-message">&emsp;Value of FindClient_Client Code_id: ------->fldClientCode</div>]]>
    </line>
    <line>
      <![CDATA[<div class="test-message">&emsp;Value of FindClient_Client Code_pathType: ------->css</div>]]>
    </line>
    <line>
      <![CDATA[<div class="test-message">&emsp;Value of FindClient_Client Code_screenShot: ------->false</div>]]>
    </line>
    <line>
      <![CDATA[<div class="test-message">&emsp;Value of FindClient_Client Code_type: ------->textfield</div>]]>
    </line>
    <line>
      <![CDATA[<div class="test-event"> <font color="maroon"> <small> &emsp; &emsp;--- 02 Dec 14:03:19 172 - <b>1</b> - Spinner Load Wait: (Sync) - com.ssp.utils.WaitUtils.waitForSpinner(WaitUtils.java:130)</small> </font> </div>]]>
    </line>
    <line>
      <![CDATA[<div class="test-message">&emsp;Entered text inside Client Code : SHARMAQA]]>
    </line>
    <line>
      <![CDATA[<div class="test-message">&emsp;Value of FindClient_Find Button_fieldLabel: ------->Find Button</div>]]>
    </line>
    <line>
      <![CDATA[<div class="test-message">&emsp;Value of FindClient_Find Button_id: ------->btnFind</div>]]>
    </line>
    <line>
      <![CDATA[<div class="test-message">&emsp;Value of FindClient_Find Button_pathType: ------->css</div>]]>
    </line>
    <line>
      <![CDATA[<div class="test-message">&emsp;Value of FindClient_Find Button_screenShot: ------->false</div>]]>
    </line>
    <line>
      <![CDATA[<div class="test-message">&emsp;Value of FindClient_Find Button_type: ------->Button</div>]]>
    </line>
    <line>
      <![CDATA[<div class="test-event"> <font color="maroon"> <small> &emsp; &emsp;--- 02 Dec 14:03:20 930 - <b>1</b> - Spinner Load Wait: (Sync) - com.ssp.utils.WaitUtils.waitForSpinner(WaitUtils.java:130)</small> </font> </div>]]>
    </line>
    <line>
      <![CDATA[<div class="test-event"> <font color="maroon"> <small> &emsp; &emsp;--- 02 Dec 14:03:23 153 - <b>1</b> - Spinner Load Wait: (Sync) - com.ssp.utils.WaitUtils.waitForSpinner(WaitUtils.java:130)</small> </font> </div>]]>
    </line>
    <line>
      <![CDATA[<div class="test-message">&emsp;Clicked on button Find Button]]>
    </line>
    <line>
      <![CDATA[<div class="test-message">&emsp;Value of FindClient_Select Button_fieldLabel: ------->Select Button</div>]]>
    </line>
    <line>
      <![CDATA[<div class="test-message">&emsp;Value of FindClient_Select Button_id: ------->btnselectClientInSearch</div>]]>
    </line>
    <line>
      <![CDATA[<div class="test-message">&emsp;Value of FindClient_Select Button_pathType: ------->css</div>]]>
    </line>
    <line>
      <![CDATA[<div class="test-message">&emsp;Value of FindClient_Select Button_screenShot: ------->false</div>]]>
    </line>
    <line>
      <![CDATA[<div class="test-message">&emsp;Value of FindClient_Select Button_type: ------->Button</div>]]>
    </line>
    <line>
      <![CDATA[<div class="test-event"> <font color="maroon"> <small> &emsp; &emsp;--- 02 Dec 14:03:24 208 - <b>1</b> - Spinner Load Wait: (Sync) - com.ssp.utils.WaitUtils.waitForSpinner(WaitUtils.java:130)</small> </font> </div>]]>
    </line>
    <line>
      <![CDATA[<div class="test-event"> <font color="maroon"> <small> &emsp; &emsp;--- 02 Dec 14:03:26 883 - <b>1</b> - Spinner Load Wait: (Sync) - com.ssp.utils.WaitUtils.waitForSpinner(WaitUtils.java:130)</small> </font> </div>]]>
    </line>
    <line>
      <![CDATA[<div class="test-message">&emsp;Clicked on button Select Button]]>
    </line>
    <line>
      <![CDATA[<div class="test-event"> <font color="maroon"> <small> &emsp; &emsp;--- 02 Dec 14:03:27 073 - Page URL:: https://ssppureportal-devt.ssp-development.com/pure.portaldev2/secure/agent/personalclientdetails.aspx?partykey=29485&code=sharmaqa</small> </font> </div>]]>
    </line>
    <line>
      <![CDATA[<div class="test-event"> <font color="maroon"> <small> &emsp; &emsp;--- 02 Dec 14:03:27 073 - <b>0</b> - Page Load Wait: (Sync) - com.ssp.utils.WaitUtils.waitForPageLoad(WaitUtils.java:318)</small> </font> </div>]]>
    </line>
    <line>
      <![CDATA[<div class="test-result"><br><font color="red"><strong> ViewClientDetails Page did not open up. Site might be down </strong></font> </div>&emsp;]]>
    </line>
    <line>
      <![CDATA[<div class="test-result"><br><font color="red"><strong> ViewClientDetails Page did not open up. Site might be down. Actual Page title is Personal Client Details. Expected Page title is Corporate Client Details </strong></font> </div>&emsp;]]>
    </line>
    <line>
      <![CDATA[<div class="test-message">&emsp;Value of ViewClientDetails_SelectProduct_fieldLabel: ------->SelectProduct</div>]]>
    </line>
    <line>
      <![CDATA[<div class="test-message">&emsp;Value of ViewClientDetails_SelectProduct_id: ------->drpSelectProduct</div>]]>
    </line>
    <line>
      <![CDATA[<div class="test-message">&emsp;Value of ViewClientDetails_SelectProduct_pathType: ------->css</div>]]>
    </line>
    <line>
      <![CDATA[<div class="test-message">&emsp;Value of ViewClientDetails_SelectProduct_screenShot: ------->true</div>]]>
    </line>
    <line>
      <![CDATA[<div class="test-message">&emsp;Value of ViewClientDetails_SelectProduct_type: ------->select</div>]]>
    </line>
    <line>
      <![CDATA[<div class="test-event"> <font color="maroon"> <small> &emsp; &emsp;--- 02 Dec 14:04:30 828 - Element is displayed:: [[RemoteWebDriver: chrome on XP (d562e8e56f6b4f5a8b449a377009226b)] -> css selector: select#ctl00_cntMainBody_ctrlNewQuoteImproved_ddlProductlst]</small> </font> </div>]]>
    </line>
    <line>
      <![CDATA[<div class="test-message">&emsp;selected the dropdown SelectProduct option : HIUA Phase 1 GLU&emsp;<a href=".\ScreenShot\TC_7330_FullCommMovementQnBProcess_MMVP-Login_4.png" target="_blank" >[ScreenShot]</a></div>]]>
    </line>
    <line>
      <![CDATA[<div class="test-message">&emsp;Value of ViewClientDetails_New quote Button_fieldLabel: ------->New quote Button</div>]]>
    </line>
    <line>
      <![CDATA[<div class="test-message">&emsp;Value of ViewClientDetails_New quote Button_id: ------->btnNewQuote</div>]]>
    </line>
    <line>
      <![CDATA[<div class="test-message">&emsp;Value of ViewClientDetails_New quote Button_pathType: ------->css</div>]]>
    </line>
    <line>
      <![CDATA[<div class="test-message">&emsp;Value of ViewClientDetails_New quote Button_screenShot: ------->false</div>]]>
    </line>
    <line>
      <![CDATA[<div class="test-message">&emsp;Value of ViewClientDetails_New quote Button_type: ------->Button</div>]]>
    </line>
    <line>
      <![CDATA[<div class="test-event"> <font color="maroon"> <small> &emsp; &emsp;--- 02 Dec 14:04:33 876 - <b>1</b> - Spinner Load Wait: (Sync) - com.ssp.utils.WaitUtils.waitForSpinner(WaitUtils.java:130)</small> </font> </div>]]>
    </line>
    <line>
      <![CDATA[<div class="test-event"> <font color="maroon"> <small> &emsp; &emsp;--- 02 Dec 14:04:38 682 - <b>1</b> - Spinner Load Wait: (Sync) - com.ssp.utils.WaitUtils.waitForSpinner(WaitUtils.java:130)</small> </font> </div>]]>
    </line>
    <line>
      <![CDATA[<div class="test-message">&emsp;Clicked on button New quote Button]]>
    </line>
    <line>
      <![CDATA[<div class="test-event"> <font color="maroon"> <small> &emsp; &emsp;--- 02 Dec 14:04:38 837 - Page URL:: https://ssppureportal-devt.ssp-development.com/pure.portaldev2/secure/maindetails.aspx?newquote=true</small> </font> </div>]]>
    </line>
    <line>
      <![CDATA[<div class="test-event"> <font color="maroon"> <small> &emsp; &emsp;--- 02 Dec 14:04:38 837 - <b>0</b> - Page Load Wait: (Sync) - com.ssp.utils.WaitUtils.waitForPageLoad(WaitUtils.java:318)</small> </font> </div>]]>
    </line>
    <line>
      <![CDATA[<div class="test-message">&emsp;Successfully navigated to PolicyHeader Page&emsp;</div>]]>
    </line>
    <line>
      <![CDATA[<div class="test-message">&emsp;Value of PolicyHeader_drpBusinessType_fieldLabel: ------->drpBusinessType</div>]]>
    </line>
    <line>
      <![CDATA[<div class="test-message">&emsp;Value of PolicyHeader_drpBusinessType_id: ------->drpBusinessType</div>]]>
    </line>
    <line>
      <![CDATA[<div class="test-message">&emsp;Value of PolicyHeader_drpBusinessType_pathType: ------->css</div>]]>
    </line>
    <line>
      <![CDATA[<div class="test-message">&emsp;Value of PolicyHeader_drpBusinessType_screenShot: ------->false</div>]]>
    </line>
    <line>
      <![CDATA[<div class="test-message">&emsp;Value of PolicyHeader_drpBusinessType_type: ------->select</div>]]>
    </line>
    <line>
      <![CDATA[<div class="test-event"> <font color="maroon"> <small> &emsp; &emsp;--- 02 Dec 14:04:39 087 - Element is displayed:: [[RemoteWebDriver: chrome on XP (d562e8e56f6b4f5a8b449a377009226b)] -> css selector: [name='ctl00_cntMainBody_POLICYHEADER__BUSINESSTYPE']]</small> </font> </div>]]>
    </line>
    <line>
      <![CDATA[<div class="test-message">&emsp;selected the dropdown drpBusinessType option : Direct Business]]>
    </line>
    <line>
      <![CDATA[<div class="test-message">&emsp;Value of PolicyHeader_spinnerWait_fieldLabel: ------->spinnerWait</div>]]>
    </line>
    <line>
      <![CDATA[<div class="test-message">&emsp;Value of PolicyHeader_spinnerWait_id: ------->spinner</div>]]>
    </line>
    <line>
      <![CDATA[<div class="test-message">&emsp;Value of PolicyHeader_spinnerWait_screenShot: ------->false</div>]]>
    </line>
    <line>
      <![CDATA[<div class="test-message">&emsp;Value of PolicyHeader_spinnerWait_type: ------->selectSpinner</div>]]>
    </line>
    <line>
      <![CDATA[<div class="test-event"> <font color="maroon"> <small> &emsp; &emsp;--- 02 Dec 14:04:40 299 - <b>1</b> - Spinner Load Wait: (Sync) - com.ssp.utils.WaitUtils.waitForSpinner(WaitUtils.java:130)</small> </font> </div>]]>
    </line>
    <line>
      <![CDATA[<div class="test-message">&emsp;Value of PolicyHeader_drpBusinessSource_fieldLabel: ------->drpBusinessSource</div>]]>
    </line>
    <line>
      <![CDATA[<div class="test-message">&emsp;Value of PolicyHeader_drpBusinessSource_id: ------->drpBusinessSource</div>]]>
    </line>
    <line>
      <![CDATA[<div class="test-message">&emsp;Value of PolicyHeader_drpBusinessSource_pathType: ------->css</div>]]>
    </line>
    <line>
      <![CDATA[<div class="test-message">&emsp;Value of PolicyHeader_drpBusinessSource_screenShot: ------->false</div>]]>
    </line>
    <line>
      <![CDATA[<div class="test-message">&emsp;Value of PolicyHeader_drpBusinessSource_type: ------->select</div>]]>
    </line>
    <line>
      <![CDATA[<div class="test-event"> <font color="maroon"> <small> &emsp; &emsp;--- 02 Dec 14:04:40 508 - Element is displayed:: [[RemoteWebDriver: chrome on XP (d562e8e56f6b4f5a8b449a377009226b)] -> css selector: [name='ctl00_cntMainBody_POLICYHEADER__ANALYSISCODE']]</small> </font> </div>]]>
    </line>
    <line>
      <![CDATA[<div class="test-message">&emsp;selected the dropdown drpBusinessSource option : Yellow Pages]]>
    </line>
    <line>
      <![CDATA[<div class="test-message">&emsp;Value of PolicyHeader_Compliance tab_fieldLabel: ------->Compliance tab</div>]]>
    </line>
    <line>
      <![CDATA[<div class="test-message">&emsp;Value of PolicyHeader_Compliance tab_id: ------->tabCompliance</div>]]>
    </line>
    <line>
      <![CDATA[<div class="test-message">&emsp;Value of PolicyHeader_Compliance tab_pathType: ------->css</div>]]>
    </line>
    <line>
      <![CDATA[<div class="test-message">&emsp;Value of PolicyHeader_Compliance tab_screenShot: ------->false</div>]]>
    </line>
    <line>
      <![CDATA[<div class="test-message">&emsp;Value of PolicyHeader_Compliance tab_type: ------->link</div>]]>
    </line>
    <line>
      <![CDATA[<div class="test-event"> <font color="maroon"> <small> &emsp; &emsp;--- 02 Dec 14:04:41 029 - Element is displayed:: [[RemoteWebDriver: chrome on XP (d562e8e56f6b4f5a8b449a377009226b)] -> css selector: a[href='#tab-compliancedetails']]</small> </font> </div>]]>
    </line>
    <line>
      <![CDATA[<div class="test-message">&emsp;Link clicked Compliance tab : ]]>
    </line>
    <line>
      <![CDATA[<div class="test-message">&emsp;Value of PolicyHeader_CustomerCategory_fieldLabel: ------->CustomerCategory</div>]]>
    </line>
    <line>
      <![CDATA[<div class="test-message">&emsp;Value of PolicyHeader_CustomerCategory_id: ------->drpCustomerCategory</div>]]>
    </line>
    <line>
      <![CDATA[<div class="test-message">&emsp;Value of PolicyHeader_CustomerCategory_pathType: ------->css</div>]]>
    </line>
    <line>
      <![CDATA[<div class="test-message">&emsp;Value of PolicyHeader_CustomerCategory_screenShot: ------->false</div>]]>
    </line>
    <line>
      <![CDATA[<div class="test-message">&emsp;Value of PolicyHeader_CustomerCategory_type: ------->select</div>]]>
    </line>
    <line>
      <![CDATA[<div class="test-event"> <font color="maroon"> <small> &emsp; &emsp;--- 02 Dec 14:04:41 360 - Element is displayed:: [[RemoteWebDriver: chrome on XP (d562e8e56f6b4f5a8b449a377009226b)] -> css selector: #ctl00_cntMainBody_CUSTOMER_CATEGORY]</small> </font> </div>]]>
    </line>
    <line>
      <![CDATA[<div class="test-message">&emsp;selected the dropdown CustomerCategory option : Commercial]]>
    </line>
    <line>
      <![CDATA[<div class="test-message">&emsp;Value of PolicyHeader_MethodOfSale_fieldLabel: ------->MethodOfSale</div>]]>
    </line>
    <line>
      <![CDATA[<div class="test-message">&emsp;Value of PolicyHeader_MethodOfSale_id: ------->drpMethodOfSale</div>]]>
    </line>
    <line>
      <![CDATA[<div class="test-message">&emsp;Value of PolicyHeader_MethodOfSale_pathType: ------->css</div>]]>
    </line>
    <line>
      <![CDATA[<div class="test-message">&emsp;Value of PolicyHeader_MethodOfSale_screenShot: ------->false</div>]]>
    </line>
    <line>
      <![CDATA[<div class="test-message">&emsp;Value of PolicyHeader_MethodOfSale_type: ------->select</div>]]>
    </line>
    <line>
      <![CDATA[<div class="test-event"> <font color="maroon"> <small> &emsp; &emsp;--- 02 Dec 14:04:41 791 - Element is displayed:: [[RemoteWebDriver: chrome on XP (d562e8e56f6b4f5a8b449a377009226b)] -> css selector: #ctl00_cntMainBody_METHOD_OF_SALE]</small> </font> </div>]]>
    </line>
    <line>
      <![CDATA[<div class="test-message">&emsp;selected the dropdown MethodOfSale option : Non Distance]]>
    </line>
    <line>
      <![CDATA[<div class="test-message">&emsp;Value of PolicyHeader_TermAgreed_fieldLabel: ------->TermAgreed</div>]]>
    </line>
    <line>
      <![CDATA[<div class="test-message">&emsp;Value of PolicyHeader_TermAgreed_id: ------->drpTermAgreed</div>]]>
    </line>
    <line>
      <![CDATA[<div class="test-message">&emsp;Value of PolicyHeader_TermAgreed_pathType: ------->css</div>]]>
    </line>
    <line>
      <![CDATA[<div class="test-message">&emsp;Value of PolicyHeader_TermAgreed_screenShot: ------->false</div>]]>
    </line>
    <line>
      <![CDATA[<div class="test-message">&emsp;Value of PolicyHeader_TermAgreed_type: ------->select</div>]]>
    </line>
    <line>
      <![CDATA[<div class="test-event"> <font color="maroon"> <small> &emsp; &emsp;--- 02 Dec 14:04:42 213 - Element is displayed:: [[RemoteWebDriver: chrome on XP (d562e8e56f6b4f5a8b449a377009226b)] -> css selector: select#ctl00_cntMainBody_ddlTermsAgreed]</small> </font> </div>]]>
    </line>
    <line>
      <![CDATA[<div class="test-message">&emsp;selected the dropdown TermAgreed option : No]]>
    </line>
    <line>
      <![CDATA[<div class="test-message">&emsp;Value of PolicyHeader_TypeOfSale_fieldLabel: ------->TypeOfSale</div>]]>
    </line>
    <line>
      <![CDATA[<div class="test-message">&emsp;Value of PolicyHeader_TypeOfSale_id: ------->drpTypeOfSale</div>]]>
    </line>
    <line>
      <![CDATA[<div class="test-message">&emsp;Value of PolicyHeader_TypeOfSale_pathType: ------->css</div>]]>
    </line>
    <line>
      <![CDATA[<div class="test-message">&emsp;Value of PolicyHeader_TypeOfSale_screenShot: ------->false</div>]]>
    </line>
    <line>
      <![CDATA[<div class="test-message">&emsp;Value of PolicyHeader_TypeOfSale_type: ------->select</div>]]>
    </line>
    <line>
      <![CDATA[<div class="test-event"> <font color="maroon"> <small> &emsp; &emsp;--- 02 Dec 14:04:42 637 - Element is displayed:: [[RemoteWebDriver: chrome on XP (d562e8e56f6b4f5a8b449a377009226b)] -> css selector: #ctl00_cntMainBody_TYPE_OF_SALE]</small> </font> </div>]]>
    </line>
    <line>
      <![CDATA[<div class="test-message">&emsp;selected the dropdown TypeOfSale option : Advised]]>
    </line>
    <line>
      <![CDATA[<div class="test-message">&emsp;Value of PolicyHeader_UnderWriter_fieldLabel: ------->UnderWriter</div>]]>
    </line>
    <line>
      <![CDATA[<div class="test-message">&emsp;Value of PolicyHeader_UnderWriter_id: ------->fldUnderWriter</div>]]>
    </line>
    <line>
      <![CDATA[<div class="test-message">&emsp;Value of PolicyHeader_UnderWriter_pathType: ------->css</div>]]>
    </line>
    <line>
      <![CDATA[<div class="test-message">&emsp;Value of PolicyHeader_UnderWriter_screenShot: ------->true</div>]]>
    </line>
    <line>
      <![CDATA[<div class="test-message">&emsp;Value of PolicyHeader_UnderWriter_type: ------->textfield</div>]]>
    </line>
    <line>
      <![CDATA[<div class="test-event"> <font color="maroon"> <small> &emsp; &emsp;--- 02 Dec 14:04:43 930 - <b>1</b> - Spinner Load Wait: (Sync) - com.ssp.utils.WaitUtils.waitForSpinner(WaitUtils.java:130)</small> </font> </div>]]>
    </line>
    <line>
      <![CDATA[<div class="test-message">&emsp;Entered text inside UnderWriter : Test&emsp;<a href=".\ScreenShot\TC_7330_FullCommMovementQnBProcess_MMVP-Login_5.png" target="_blank" >[ScreenShot]</a></div>]]>
    </line>
    <line>
      <![CDATA[<div class="test-message">&emsp;Value of PolicyHeader_NextButton_fieldLabel: ------->NextButton</div>]]>
    </line>
    <line>
      <![CDATA[<div class="test-message">&emsp;Value of PolicyHeader_NextButton_id: ------->btnNext</div>]]>
    </line>
    <line>
      <![CDATA[<div class="test-message">&emsp;Value of PolicyHeader_NextButton_pathType: ------->css</div>]]>
    </line>
    <line>
      <![CDATA[<div class="test-message">&emsp;Value of PolicyHeader_NextButton_screenShot: ------->false</div>]]>
    </line>
    <line>
      <![CDATA[<div class="test-message">&emsp;Value of PolicyHeader_NextButton_type: ------->Button</div>]]>
    </line>
    <line>
      <![CDATA[<div class="test-event"> <font color="maroon"> <small> &emsp; &emsp;--- 02 Dec 14:04:47 289 - <b>1</b> - Spinner Load Wait: (Sync) - com.ssp.utils.WaitUtils.waitForSpinner(WaitUtils.java:130)</small> </font> </div>]]>
    </line>
    <line>
      <![CDATA[<div class="test-event"> <font color="maroon"> <small> &emsp; &emsp;--- 02 Dec 14:04:55 927 - <b>1</b> - Spinner Load Wait: (Sync) - com.ssp.utils.WaitUtils.waitForSpinner(WaitUtils.java:130)</small> </font> </div>]]>
    </line>
    <line>
      <![CDATA[<div class="test-message">&emsp;Clicked on button NextButton]]>
    </line>
    <line>
      <![CDATA[<div class="test-message">&emsp;Value of PolicyHeader_spinnerWait_fieldLabel: ------->spinnerWait</div>]]>
    </line>
    <line>
      <![CDATA[<div class="test-message">&emsp;Value of PolicyHeader_spinnerWait_id: ------->spinner</div>]]>
    </line>
    <line>
      <![CDATA[<div class="test-message">&emsp;Value of PolicyHeader_spinnerWait_screenShot: ------->false</div>]]>
    </line>
    <line>
      <![CDATA[<div class="test-message">&emsp;Value of PolicyHeader_spinnerWait_type: ------->selectSpinner</div>]]>
    </line>
    <line>
      <![CDATA[<div class="test-event"> <font color="maroon"> <small> &emsp; &emsp;--- 02 Dec 14:04:56 990 - <b>1</b> - Spinner Load Wait: (Sync) - com.ssp.utils.WaitUtils.waitForSpinner(WaitUtils.java:130)</small> </font> </div>]]>
    </line>
    <line>
      <![CDATA[<div class="test-message">&emsp;Value of PolicyHeader_Insured_General_GuestHouse_fieldLabel: ------->Insured_General_GuestHouse</div>]]>
    </line>
    <line>
      <![CDATA[<div class="test-message">&emsp;Value of PolicyHeader_Insured_General_GuestHouse_id: ------->fieldInsuredGeneralGuestHouse</div>]]>
    </line>
    <line>
      <![CDATA[<div class="test-message">&emsp;Value of PolicyHeader_Insured_General_GuestHouse_pathType: ------->css</div>]]>
    </line>
    <line>
      <![CDATA[<div class="test-message">&emsp;Value of PolicyHeader_Insured_General_GuestHouse_screenShot: ------->false</div>]]>
    </line>
    <line>
      <![CDATA[<div class="test-message">&emsp;Value of PolicyHeader_Insured_General_GuestHouse_type: ------->textfield</div>]]>
    </line>
    <line>
      <![CDATA[<div class="test-event"> <font color="maroon"> <small> &emsp; &emsp;--- 02 Dec 14:04:58 056 - <b>1</b> - Spinner Load Wait: (Sync) - com.ssp.utils.WaitUtils.waitForSpinner(WaitUtils.java:130)</small> </font> </div>]]>
    </line>
    <line>
      <![CDATA[<!--FAIL-->]]>
    </line>
    <line>
      <![CDATA[<div class="test-result"><br><font color="red"><strong> Error while entering text inInsured_General_GuestHouse </strong></font> </div>&emsp;]]>
    </line>
    <line>
      <![CDATA[<div class="test-result"><br><font color="red"><strong> java.lang.Exception: java.lang.Exception: java.lang.Exception: No Element Found to enter textorg.openqa.selenium.NoSuchElementException: no such element: Unable to locate element: {"method":"css selector","selector":"#ctl00_cntMainBody_GENERAL_DETAILS__Insured"} </strong></font> <a href=".\ScreenShot\TC_7330_FullCommMovementQnBProcess_MMVP-Login_6.png" target="_blank" >[ScreenShot]</a></div>&emsp;]]>
    </line>
    <line>
      <![CDATA[<!--FAIL-->]]>
    </line>
    <line>
      <![CDATA[<div class="test-result"><br><font color="red"><strong> Test Failed </strong></font> </div>&emsp;]]>
    </line>
  </reporter-output>
  <suite name="SIAAS_Regression" duration-ms="132066" started-at="2019-12-02T08:32:48Z" finished-at="2019-12-02T08:35:00Z">
    <groups>
    </groups>
    <test name="MMVP-Login" duration-ms="132066" started-at="2019-12-02T08:32:48Z" finished-at="2019-12-02T08:35:00Z">
      <class name="com.ssp.regression.insurer.testscripts.US_7330">
        <test-method status="PASS" signature="beforeSuite()[pri:0, instance:com.ssp.regression.insurer.testscripts.US_7330@5e57643e]" name="beforeSuite" is-config="true" duration-ms="522" started-at="2019-12-02T08:32:47Z" finished-at="2019-12-02T08:32:48Z">
          <reporter-output>
          </reporter-output>
        </test-method> <!-- beforeSuite -->
        <test-method status="PASS" signature="init(org.testng.ITestContext)[pri:0, instance:com.ssp.regression.insurer.testscripts.US_7330@5e57643e]" name="init" is-config="true" duration-ms="3" started-at="2019-12-02T08:32:48Z" finished-at="2019-12-02T08:32:48Z">
          <params>
            <param index="0">
              <value>
                <![CDATA[org.testng.TestRunner@758fabc7]]>
              </value>
            </param>
          </params>
          <reporter-output>
          </reporter-output>
        </test-method> <!-- init -->
        <test-method status="FAIL" signature="TC_7330_FullCommMovementQnBProcess(java.lang.String)[pri:0, instance:com.ssp.regression.insurer.testscripts.US_7330@5e57643e]" name="TC_7330_FullCommMovementQnBProcess" duration-ms="126471" started-at="2019-12-02T08:32:53Z" description="This test case is designed to test full commission movement during QnB process" data-provider="ssBVTDataProvider" finished-at="2019-12-02T08:35:00Z">
          <params>
            <param index="0">
              <value>
                <![CDATA[, chrome_XP]]>
              </value>
            </param>
          </params>
          <exception class="java.lang.Exception">
            <message>
              <![CDATA[java.lang.Exception: java.lang.Exception: java.lang.Exception: No Element Found to enter textorg.openqa.selenium.NoSuchElementException: no such element: Unable to locate element: {"method":"css selector","selector":"#ctl00_cntMainBody_GENERAL_DETAILS__Insured"}
  (Session info: chrome=78.0.3904.108)
  (Driver info: chromedriver=2.42.591088 (7b2b2dca23cca0862f674758c9a3933e685c27d5),platform=Windows NT 10.0.10240 x86_64) (WARNING: The server did not provide any stacktrace information)
Command duration or timeout: 47 milliseconds
For documentation on this error, please visit: http://seleniumhq.org/exceptions/no_such_element.html
Build info: version: '2.52.0', revision: '4c2593cfc3689a7fcd7be52549167e5ccc93ad28', time: '2016-02-11 11:22:43'
System info: host: 'IN00455', ip: '192.168.73.24', os.name: 'Windows 10', os.arch: 'amd64', os.version: '10.0', java.version: '1.8.0_221'
Driver info: org.openqa.selenium.remote.RemoteWebDriver
Capabilities [{mobileEmulationEnabled=false, hasTouchScreen=false, platform=XP, acceptSslCerts=false, goog:chromeOptions={debuggerAddress=localhost:62474}, acceptInsecureCerts=false, webStorageEnabled=true, browserName=chrome, takesScreenshot=true, javascriptEnabled=true, setWindowRect=true, unexpectedAlertBehaviour=, applicationCacheEnabled=false, rotatable=false, networkConnectionEnabled=false, chrome={chromedriverVersion=2.42.591088 (7b2b2dca23cca0862f674758c9a3933e685c27d5), userDataDir=C:\Users\SANDEE~1.SHA\AppData\Local\Temp\scoped_dir48572_11455}, takesHeapSnapshot=true, pageLoadStrategy=normal, databaseEnabled=false, handlesAlerts=true, version=78.0.3904.108, browserConnectionEnabled=false, nativeEvents=true, locationContextEnabled=true, cssSelectorsEnabled=true}]
Session ID: d562e8e56f6b4f5a8b449a377009226b
*** Element info: {Using=css selector, value=#ctl00_cntMainBody_GENERAL_DETAILS__Insured}]]>
            </message>
            <full-stacktrace>
              <![CDATA[java.lang.Exception: java.lang.Exception: java.lang.Exception: java.lang.Exception: No Element Found to enter textorg.openqa.selenium.NoSuchElementException: no such element: Unable to locate element: {"method":"css selector","selector":"#ctl00_cntMainBody_GENERAL_DETAILS__Insured"}
  (Session info: chrome=78.0.3904.108)
  (Driver info: chromedriver=2.42.591088 (7b2b2dca23cca0862f674758c9a3933e685c27d5),platform=Windows NT 10.0.10240 x86_64) (WARNING: The server did not provide any stacktrace information)
Command duration or timeout: 47 milliseconds
For documentation on this error, please visit: http://seleniumhq.org/exceptions/no_such_element.html
Build info: version: '2.52.0', revision: '4c2593cfc3689a7fcd7be52549167e5ccc93ad28', time: '2016-02-11 11:22:43'
System info: host: 'IN00455', ip: '192.168.73.24', os.name: 'Windows 10', os.arch: 'amd64', os.version: '10.0', java.version: '1.8.0_221'
Driver info: org.openqa.selenium.remote.RemoteWebDriver
Capabilities [{mobileEmulationEnabled=false, hasTouchScreen=false, platform=XP, acceptSslCerts=false, goog:chromeOptions={debuggerAddress=localhost:62474}, acceptInsecureCerts=false, webStorageEnabled=true, browserName=chrome, takesScreenshot=true, javascriptEnabled=true, setWindowRect=true, unexpectedAlertBehaviour=, applicationCacheEnabled=false, rotatable=false, networkConnectionEnabled=false, chrome={chromedriverVersion=2.42.591088 (7b2b2dca23cca0862f674758c9a3933e685c27d5), userDataDir=C:\Users\SANDEE~1.SHA\AppData\Local\Temp\scoped_dir48572_11455}, takesHeapSnapshot=true, pageLoadStrategy=normal, databaseEnabled=false, handlesAlerts=true, version=78.0.3904.108, browserConnectionEnabled=false, nativeEvents=true, locationContextEnabled=true, cssSelectorsEnabled=true}]
Session ID: d562e8e56f6b4f5a8b449a377009226b
*** Element info: {Using=css selector, value=#ctl00_cntMainBody_GENERAL_DETAILS__Insured}
at com.ssp.uxp_pages.GetTestData.getObjectXmlData(GetTestData.java:229)
at com.ssp.regression.insurer.testscripts.US_7330.TC_7330_FullCommMovementQnBProcess(US_7330.java:46)
at sun.reflect.NativeMethodAccessorImpl.invoke0(Native Method)
at sun.reflect.NativeMethodAccessorImpl.invoke(Unknown Source)
at sun.reflect.DelegatingMethodAccessorImpl.invoke(Unknown Source)
at java.lang.reflect.Method.invoke(Unknown Source)
at org.testng.internal.MethodInvocationHelper.invokeMethod(MethodInvocationHelper.java:124)
at org.testng.internal.Invoker.invokeMethod(Invoker.java:580)
at org.testng.internal.Invoker.invokeTestMethod(Invoker.java:716)
at org.testng.internal.TestMethodWithDataProviderMethodWorker.call(TestMethodWithDataProviderMethodWorker.java:71)
at org.testng.internal.TestMethodWithDataProviderMethodWorker.call(TestMethodWithDataProviderMethodWorker.java:14)
at java.util.concurrent.FutureTask.run(Unknown Source)
at java.util.concurrent.Executors$RunnableAdapter.call(Unknown Source)
at java.util.concurrent.FutureTask.run(Unknown Source)
at java.util.concurrent.ThreadPoolExecutor.runWorker(Unknown Source)
at java.util.concurrent.ThreadPoolExecutor$Worker.run(Unknown Source)
at java.lang.Thread.run(Unknown Source)
Caused by: java.lang.Exception: java.lang.Exception: java.lang.Exception: No Element Found to enter textorg.openqa.selenium.NoSuchElementException: no such element: Unable to locate element: {"method":"css selector","selector":"#ctl00_cntMainBody_GENERAL_DETAILS__Insured"}
  (Session info: chrome=78.0.3904.108)
  (Driver info: chromedriver=2.42.591088 (7b2b2dca23cca0862f674758c9a3933e685c27d5),platform=Windows NT 10.0.10240 x86_64) (WARNING: The server did not provide any stacktrace information)
Command duration or timeout: 47 milliseconds
For documentation on this error, please visit: http://seleniumhq.org/exceptions/no_such_element.html
Build info: version: '2.52.0', revision: '4c2593cfc3689a7fcd7be52549167e5ccc93ad28', time: '2016-02-11 11:22:43'
System info: host: 'IN00455', ip: '192.168.73.24', os.name: 'Windows 10', os.arch: 'amd64', os.version: '10.0', java.version: '1.8.0_221'
Driver info: org.openqa.selenium.remote.RemoteWebDriver
Capabilities [{mobileEmulationEnabled=false, hasTouchScreen=false, platform=XP, acceptSslCerts=false, goog:chromeOptions={debuggerAddress=localhost:62474}, acceptInsecureCerts=false, webStorageEnabled=true, browserName=chrome, takesScreenshot=true, javascriptEnabled=true, setWindowRect=true, unexpectedAlertBehaviour=, applicationCacheEnabled=false, rotatable=false, networkConnectionEnabled=false, chrome={chromedriverVersion=2.42.591088 (7b2b2dca23cca0862f674758c9a3933e685c27d5), userDataDir=C:\Users\SANDEE~1.SHA\AppData\Local\Temp\scoped_dir48572_11455}, takesHeapSnapshot=true, pageLoadStrategy=normal, databaseEnabled=false, handlesAlerts=true, version=78.0.3904.108, browserConnectionEnabled=false, nativeEvents=true, locationContextEnabled=true, cssSelectorsEnabled=true}]
Session ID: d562e8e56f6b4f5a8b449a377009226b
*** Element info: {Using=css selector, value=#ctl00_cntMainBody_GENERAL_DETAILS__Insured}
at com.ssp.uxp_pages.GetTestData.printnote(GetTestData.java:328)
at com.ssp.uxp_pages.GetTestData.getObjectXmlData(GetTestData.java:223)
... 16 more
Caused by: java.lang.Exception: java.lang.Exception: No Element Found to enter textorg.openqa.selenium.NoSuchElementException: no such element: Unable to locate element: {"method":"css selector","selector":"#ctl00_cntMainBody_GENERAL_DETAILS__Insured"}
  (Session info: chrome=78.0.3904.108)
  (Driver info: chromedriver=2.42.591088 (7b2b2dca23cca0862f674758c9a3933e685c27d5),platform=Windows NT 10.0.10240 x86_64) (WARNING: The server did not provide any stacktrace information)
Command duration or timeout: 47 milliseconds
For documentation on this error, please visit: http://seleniumhq.org/exceptions/no_such_element.html
Build info: version: '2.52.0', revision: '4c2593cfc3689a7fcd7be52549167e5ccc93ad28', time: '2016-02-11 11:22:43'
System info: host: 'IN00455', ip: '192.168.73.24', os.name: 'Windows 10', os.arch: 'amd64', os.version: '10.0', java.version: '1.8.0_221'
Driver info: org.openqa.selenium.remote.RemoteWebDriver
Capabilities [{mobileEmulationEnabled=false, hasTouchScreen=false, platform=XP, acceptSslCerts=false, goog:chromeOptions={debuggerAddress=localhost:62474}, acceptInsecureCerts=false, webStorageEnabled=true, browserName=chrome, takesScreenshot=true, javascriptEnabled=true, setWindowRect=true, unexpectedAlertBehaviour=, applicationCacheEnabled=false, rotatable=false, networkConnectionEnabled=false, chrome={chromedriverVersion=2.42.591088 (7b2b2dca23cca0862f674758c9a3933e685c27d5), userDataDir=C:\Users\SANDEE~1.SHA\AppData\Local\Temp\scoped_dir48572_11455}, takesHeapSnapshot=true, pageLoadStrategy=normal, databaseEnabled=false, handlesAlerts=true, version=78.0.3904.108, browserConnectionEnabled=false, nativeEvents=true, locationContextEnabled=true, cssSelectorsEnabled=true}]
Session ID: d562e8e56f6b4f5a8b449a377009226b
*** Element info: {Using=css selector, value=#ctl00_cntMainBody_GENERAL_DETAILS__Insured}
at com.ssp.uxp_pages.GetTestData.printnote(GetTestData.java:328)
at com.ssp.uxp_pages.GetTestData.printnote(GetTestData.java:321)
... 17 more
Caused by: java.lang.Exception: No Element Found to enter textorg.openqa.selenium.NoSuchElementException: no such element: Unable to locate element: {"method":"css selector","selector":"#ctl00_cntMainBody_GENERAL_DETAILS__Insured"}
  (Session info: chrome=78.0.3904.108)
  (Driver info: chromedriver=2.42.591088 (7b2b2dca23cca0862f674758c9a3933e685c27d5),platform=Windows NT 10.0.10240 x86_64) (WARNING: The server did not provide any stacktrace information)
Command duration or timeout: 47 milliseconds
For documentation on this error, please visit: http://seleniumhq.org/exceptions/no_such_element.html
Build info: version: '2.52.0', revision: '4c2593cfc3689a7fcd7be52549167e5ccc93ad28', time: '2016-02-11 11:22:43'
System info: host: 'IN00455', ip: '192.168.73.24', os.name: 'Windows 10', os.arch: 'amd64', os.version: '10.0', java.version: '1.8.0_221'
Driver info: org.openqa.selenium.remote.RemoteWebDriver
Capabilities [{mobileEmulationEnabled=false, hasTouchScreen=false, platform=XP, acceptSslCerts=false, goog:chromeOptions={debuggerAddress=localhost:62474}, acceptInsecureCerts=false, webStorageEnabled=true, browserName=chrome, takesScreenshot=true, javascriptEnabled=true, setWindowRect=true, unexpectedAlertBehaviour=, applicationCacheEnabled=false, rotatable=false, networkConnectionEnabled=false, chrome={chromedriverVersion=2.42.591088 (7b2b2dca23cca0862f674758c9a3933e685c27d5), userDataDir=C:\Users\SANDEE~1.SHA\AppData\Local\Temp\scoped_dir48572_11455}, takesHeapSnapshot=true, pageLoadStrategy=normal, databaseEnabled=false, handlesAlerts=true, version=78.0.3904.108, browserConnectionEnabled=false, nativeEvents=true, locationContextEnabled=true, cssSelectorsEnabled=true}]
Session ID: d562e8e56f6b4f5a8b449a377009226b
*** Element info: {Using=css selector, value=#ctl00_cntMainBody_GENERAL_DETAILS__Insured}
at com.ssp.uxp_pages.ActionKeyword.enterTextUsingActionsClass(ActionKeyword.java:853)
at com.ssp.uxp_pages.ActionKeyword.performActionBasedOnFieldType(ActionKeyword.java:132)
at com.ssp.uxp_pages.GetTestData.printnote(GetTestData.java:316)
... 18 more
]]>
            </full-stacktrace>
          </exception> <!-- java.lang.Exception -->
          <reporter-output>
            <line>
              <![CDATA[&emsp;<div class="test-title"> <strong><font size = "3" color = "#000080">This test case is designed to test full commission movement during QnB process<small><b><i>[chrome_windows]</b></i></small></font> </strong> </div>&emsp;<div><strong>Steps:</strong></div><!-- Report -->&emsp;]]>
            </line>
            <line>
              <![CDATA[&emsp;<div class="test-title"> <strong><font size = "3" color = "#000080">TC_7330_FullCommMovementQnBProcess [MMVP-Login]</font> </strong> </div>&emsp;<div><strong>Steps:</strong></div>&emsp;]]>
            </line>
            <line>
              <![CDATA[<div class="test-message">&emsp;<--------------------- Iteration 0 is started -----------------------></div>]]>
            </line>
            <line>
              <![CDATA[<div class="test-event"> <font color="maroon"> <small> &emsp; &emsp;--- 02 Dec 14:03:00 720 - Page URL:: https://ssp-hl-platform-web-sit.ssp-development.com/authgateway/home/login?tenant_id=08d6970c-dbe3-9019-78b8-024d6983a7d7&app_id=4ad08975-4fd7-44f4-98bf-5f5e66ec5435&redirect_url=https:%2f%2fssppureportal-devt.ssp-development.com%2fpure.portaldev2%2fjwtauthprocess.aspx&response_type=code</small> </font> </div>]]>
            </line>
            <line>
              <![CDATA[<div class="test-event"> <font color="maroon"> <small> &emsp; &emsp;--- 02 Dec 14:03:00 722 - <b>0</b> - Page Load Wait: (Sync) - com.ssp.utils.WaitUtils.waitForPageLoad(WaitUtils.java:318)</small> </font> </div>]]>
            </line>
            <line>
              <![CDATA[<div class="test-message">&emsp;Successfully navigated to LoginScreen Page&emsp;</div>]]>
            </line>
            <line>
              <![CDATA[<div class="test-message">&emsp;Value of LoginScreen_Username_fieldLabel: ------->Username</div>]]>
            </line>
            <line>
              <![CDATA[<div class="test-message">&emsp;Value of LoginScreen_Username_id: ------->fldUserName</div>]]>
            </line>
            <line>
              <![CDATA[<div class="test-message">&emsp;Value of LoginScreen_Username_inputType: ------->alphanumeric</div>]]>
            </line>
            <line>
              <![CDATA[<div class="test-message">&emsp;Value of LoginScreen_Username_length: ------->10</div>]]>
            </line>
            <line>
              <![CDATA[<div class="test-message">&emsp;Value of LoginScreen_Username_pathType: ------->css</div>]]>
            </line>
            <line>
              <![CDATA[<div class="test-message">&emsp;Value of LoginScreen_Username_screenShot: ------->false</div>]]>
            </line>
            <line>
              <![CDATA[<div class="test-message">&emsp;Value of LoginScreen_Username_type: ------->textfield</div>]]>
            </line>
            <line>
              <![CDATA[<div class="test-event"> <font color="maroon"> <small> &emsp; &emsp;--- 02 Dec 14:03:01 979 - <b>1</b> - Spinner Load Wait: (Sync) - com.ssp.utils.WaitUtils.waitForSpinner(WaitUtils.java:130)</small> </font> </div>]]>
            </line>
            <line>
              <![CDATA[<div class="test-message">&emsp;Entered text inside Username : admin@blueinsurance.com]]>
            </line>
            <line>
              <![CDATA[<div class="test-message">&emsp;Value of LoginScreen_Password_fieldLabel: ------->Password</div>]]>
            </line>
            <line>
              <![CDATA[<div class="test-message">&emsp;Value of LoginScreen_Password_id: ------->fldPassword</div>]]>
            </line>
            <line>
              <![CDATA[<div class="test-message">&emsp;Value of LoginScreen_Password_inputType: ------->alphanumeric</div>]]>
            </line>
            <line>
              <![CDATA[<div class="test-message">&emsp;Value of LoginScreen_Password_length: ------->10</div>]]>
            </line>
            <line>
              <![CDATA[<div class="test-message">&emsp;Value of LoginScreen_Password_pathType: ------->css</div>]]>
            </line>
            <line>
              <![CDATA[<div class="test-message">&emsp;Value of LoginScreen_Password_screenShot: ------->true</div>]]>
            </line>
            <line>
              <![CDATA[<div class="test-message">&emsp;Value of LoginScreen_Password_type: ------->textfield</div>]]>
            </line>
            <line>
              <![CDATA[<div class="test-event"> <font color="maroon"> <small> &emsp; &emsp;--- 02 Dec 14:03:03 742 - <b>1</b> - Spinner Load Wait: (Sync) - com.ssp.utils.WaitUtils.waitForSpinner(WaitUtils.java:130)</small> </font> </div>]]>
            </line>
            <line>
              <![CDATA[<div class="test-message">&emsp;Entered text inside Password : Password@2018&emsp;<a href=".\ScreenShot\TC_7330_FullCommMovementQnBProcess_MMVP-Login_1.png" target="_blank" >[ScreenShot]</a></div>]]>
            </line>
            <line>
              <![CDATA[<div class="test-message">&emsp;Value of LoginScreen_SignIn_fieldLabel: ------->SignIn</div>]]>
            </line>
            <line>
              <![CDATA[<div class="test-message">&emsp;Value of LoginScreen_SignIn_id: ------->btnSignIn</div>]]>
            </line>
            <line>
              <![CDATA[<div class="test-message">&emsp;Value of LoginScreen_SignIn_pathType: ------->css</div>]]>
            </line>
            <line>
              <![CDATA[<div class="test-message">&emsp;Value of LoginScreen_SignIn_screenShot: ------->false</div>]]>
            </line>
            <line>
              <![CDATA[<div class="test-message">&emsp;Value of LoginScreen_SignIn_type: ------->buttonJS</div>]]>
            </line>
            <line>
              <![CDATA[<div class="test-event"> <font color="maroon"> <small> &emsp; &emsp;--- 02 Dec 14:03:06 237 - Element is displayed:: [[RemoteWebDriver: chrome on XP (d562e8e56f6b4f5a8b449a377009226b)] -> css selector: #login_button[type='submit']]</small> </font> </div>]]>
            </line>
            <line>
              <![CDATA[<div class="test-message">&emsp;Click button is performed for SignIn]]>
            </line>
            <line>
              <![CDATA[<div class="test-event"> <font color="maroon"> <small> &emsp; &emsp;--- 02 Dec 14:03:06 934 - Page URL:: https://ssp-hl-platform-web-sit.ssp-development.com/authgateway/home/login?tenant_id=08d6970c-dbe3-9019-78b8-024d6983a7d7&app_id=4ad08975-4fd7-44f4-98bf-5f5e66ec5435&redirect_url=https:%2f%2fssppureportal-devt.ssp-development.com%2fpure.portaldev2%2fjwtauthprocess.aspx&response_type=code</small> </font> </div>]]>
            </line>
            <line>
              <![CDATA[<div class="test-event"> <font color="maroon"> <small> &emsp; &emsp;--- 02 Dec 14:03:06 937 - <b>0</b> - Page Load Wait: (Sync) - com.ssp.utils.WaitUtils.waitForPageLoad(WaitUtils.java:318)</small> </font> </div>]]>
            </line>
            <line>
              <![CDATA[<div class="test-message">&emsp;Successfully navigated to FindClient Page&emsp;</div>]]>
            </line>
            <line>
              <![CDATA[<div class="test-message">&emsp;Value of FindClient_Client Code_fieldLabel: ------->Client Code</div>]]>
            </line>
            <line>
              <![CDATA[<div class="test-message">&emsp;Value of FindClient_Client Code_id: ------->fldClientCode</div>]]>
            </line>
            <line>
              <![CDATA[<div class="test-message">&emsp;Value of FindClient_Client Code_pathType: ------->css</div>]]>
            </line>
            <line>
              <![CDATA[<div class="test-message">&emsp;Value of FindClient_Client Code_screenShot: ------->false</div>]]>
            </line>
            <line>
              <![CDATA[<div class="test-message">&emsp;Value of FindClient_Client Code_type: ------->textfield</div>]]>
            </line>
            <line>
              <![CDATA[<div class="test-event"> <font color="maroon"> <small> &emsp; &emsp;--- 02 Dec 14:03:19 172 - <b>1</b> - Spinner Load Wait: (Sync) - com.ssp.utils.WaitUtils.waitForSpinner(WaitUtils.java:130)</small> </font> </div>]]>
            </line>
            <line>
              <![CDATA[<div class="test-message">&emsp;Entered text inside Client Code : SHARMAQA]]>
            </line>
            <line>
              <![CDATA[<div class="test-message">&emsp;Value of FindClient_Find Button_fieldLabel: ------->Find Button</div>]]>
            </line>
            <line>
              <![CDATA[<div class="test-message">&emsp;Value of FindClient_Find Button_id: ------->btnFind</div>]]>
            </line>
            <line>
              <![CDATA[<div class="test-message">&emsp;Value of FindClient_Find Button_pathType: ------->css</div>]]>
            </line>
            <line>
              <![CDATA[<div class="test-message">&emsp;Value of FindClient_Find Button_screenShot: ------->false</div>]]>
            </line>
            <line>
              <![CDATA[<div class="test-message">&emsp;Value of FindClient_Find Button_type: ------->Button</div>]]>
            </line>
            <line>
              <![CDATA[<div class="test-event"> <font color="maroon"> <small> &emsp; &emsp;--- 02 Dec 14:03:20 930 - <b>1</b> - Spinner Load Wait: (Sync) - com.ssp.utils.WaitUtils.waitForSpinner(WaitUtils.java:130)</small> </font> </div>]]>
            </line>
            <line>
              <![CDATA[<div class="test-event"> <font color="maroon"> <small> &emsp; &emsp;--- 02 Dec 14:03:23 153 - <b>1</b> - Spinner Load Wait: (Sync) - com.ssp.utils.WaitUtils.waitForSpinner(WaitUtils.java:130)</small> </font> </div>]]>
            </line>
            <line>
              <![CDATA[<div class="test-message">&emsp;Clicked on button Find Button]]>
            </line>
            <line>
              <![CDATA[<div class="test-message">&emsp;Value of FindClient_Select Button_fieldLabel: ------->Select Button</div>]]>
            </line>
            <line>
              <![CDATA[<div class="test-message">&emsp;Value of FindClient_Select Button_id: ------->btnselectClientInSearch</div>]]>
            </line>
            <line>
              <![CDATA[<div class="test-message">&emsp;Value of FindClient_Select Button_pathType: ------->css</div>]]>
            </line>
            <line>
              <![CDATA[<div class="test-message">&emsp;Value of FindClient_Select Button_screenShot: ------->false</div>]]>
            </line>
            <line>
              <![CDATA[<div class="test-message">&emsp;Value of FindClient_Select Button_type: ------->Button</div>]]>
            </line>
            <line>
              <![CDATA[<div class="test-event"> <font color="maroon"> <small> &emsp; &emsp;--- 02 Dec 14:03:24 208 - <b>1</b> - Spinner Load Wait: (Sync) - com.ssp.utils.WaitUtils.waitForSpinner(WaitUtils.java:130)</small> </font> </div>]]>
            </line>
            <line>
              <![CDATA[<div class="test-event"> <font color="maroon"> <small> &emsp; &emsp;--- 02 Dec 14:03:26 883 - <b>1</b> - Spinner Load Wait: (Sync) - com.ssp.utils.WaitUtils.waitForSpinner(WaitUtils.java:130)</small> </font> </div>]]>
            </line>
            <line>
              <![CDATA[<div class="test-message">&emsp;Clicked on button Select Button]]>
            </line>
            <line>
              <![CDATA[<div class="test-event"> <font color="maroon"> <small> &emsp; &emsp;--- 02 Dec 14:03:27 073 - Page URL:: https://ssppureportal-devt.ssp-development.com/pure.portaldev2/secure/agent/personalclientdetails.aspx?partykey=29485&code=sharmaqa</small> </font> </div>]]>
            </line>
            <line>
              <![CDATA[<div class="test-event"> <font color="maroon"> <small> &emsp; &emsp;--- 02 Dec 14:03:27 073 - <b>0</b> - Page Load Wait: (Sync) - com.ssp.utils.WaitUtils.waitForPageLoad(WaitUtils.java:318)</small> </font> </div>]]>
            </line>
            <line>
              <![CDATA[<div class="test-result"><br><font color="red"><strong> ViewClientDetails Page did not open up. Site might be down </strong></font> </div>&emsp;]]>
            </line>
            <line>
              <![CDATA[<div class="test-result"><br><font color="red"><strong> ViewClientDetails Page did not open up. Site might be down. Actual Page title is Personal Client Details. Expected Page title is Corporate Client Details </strong></font> </div>&emsp;]]>
            </line>
            <line>
              <![CDATA[<div class="test-message">&emsp;Value of ViewClientDetails_SelectProduct_fieldLabel: ------->SelectProduct</div>]]>
            </line>
            <line>
              <![CDATA[<div class="test-message">&emsp;Value of ViewClientDetails_SelectProduct_id: ------->drpSelectProduct</div>]]>
            </line>
            <line>
              <![CDATA[<div class="test-message">&emsp;Value of ViewClientDetails_SelectProduct_pathType: ------->css</div>]]>
            </line>
            <line>
              <![CDATA[<div class="test-message">&emsp;Value of ViewClientDetails_SelectProduct_screenShot: ------->true</div>]]>
            </line>
            <line>
              <![CDATA[<div class="test-message">&emsp;Value of ViewClientDetails_SelectProduct_type: ------->select</div>]]>
            </line>
            <line>
              <![CDATA[<div class="test-event"> <font color="maroon"> <small> &emsp; &emsp;--- 02 Dec 14:04:30 828 - Element is displayed:: [[RemoteWebDriver: chrome on XP (d562e8e56f6b4f5a8b449a377009226b)] -> css selector: select#ctl00_cntMainBody_ctrlNewQuoteImproved_ddlProductlst]</small> </font> </div>]]>
            </line>
            <line>
              <![CDATA[<div class="test-message">&emsp;selected the dropdown SelectProduct option : HIUA Phase 1 GLU&emsp;<a href=".\ScreenShot\TC_7330_FullCommMovementQnBProcess_MMVP-Login_4.png" target="_blank" >[ScreenShot]</a></div>]]>
            </line>
            <line>
              <![CDATA[<div class="test-message">&emsp;Value of ViewClientDetails_New quote Button_fieldLabel: ------->New quote Button</div>]]>
            </line>
            <line>
              <![CDATA[<div class="test-message">&emsp;Value of ViewClientDetails_New quote Button_id: ------->btnNewQuote</div>]]>
            </line>
            <line>
              <![CDATA[<div class="test-message">&emsp;Value of ViewClientDetails_New quote Button_pathType: ------->css</div>]]>
            </line>
            <line>
              <![CDATA[<div class="test-message">&emsp;Value of ViewClientDetails_New quote Button_screenShot: ------->false</div>]]>
            </line>
            <line>
              <![CDATA[<div class="test-message">&emsp;Value of ViewClientDetails_New quote Button_type: ------->Button</div>]]>
            </line>
            <line>
              <![CDATA[<div class="test-event"> <font color="maroon"> <small> &emsp; &emsp;--- 02 Dec 14:04:33 876 - <b>1</b> - Spinner Load Wait: (Sync) - com.ssp.utils.WaitUtils.waitForSpinner(WaitUtils.java:130)</small> </font> </div>]]>
            </line>
            <line>
              <![CDATA[<div class="test-event"> <font color="maroon"> <small> &emsp; &emsp;--- 02 Dec 14:04:38 682 - <b>1</b> - Spinner Load Wait: (Sync) - com.ssp.utils.WaitUtils.waitForSpinner(WaitUtils.java:130)</small> </font> </div>]]>
            </line>
            <line>
              <![CDATA[<div class="test-message">&emsp;Clicked on button New quote Button]]>
            </line>
            <line>
              <![CDATA[<div class="test-event"> <font color="maroon"> <small> &emsp; &emsp;--- 02 Dec 14:04:38 837 - Page URL:: https://ssppureportal-devt.ssp-development.com/pure.portaldev2/secure/maindetails.aspx?newquote=true</small> </font> </div>]]>
            </line>
            <line>
              <![CDATA[<div class="test-event"> <font color="maroon"> <small> &emsp; &emsp;--- 02 Dec 14:04:38 837 - <b>0</b> - Page Load Wait: (Sync) - com.ssp.utils.WaitUtils.waitForPageLoad(WaitUtils.java:318)</small> </font> </div>]]>
            </line>
            <line>
              <![CDATA[<div class="test-message">&emsp;Successfully navigated to PolicyHeader Page&emsp;</div>]]>
            </line>
            <line>
              <![CDATA[<div class="test-message">&emsp;Value of PolicyHeader_drpBusinessType_fieldLabel: ------->drpBusinessType</div>]]>
            </line>
            <line>
              <![CDATA[<div class="test-message">&emsp;Value of PolicyHeader_drpBusinessType_id: ------->drpBusinessType</div>]]>
            </line>
            <line>
              <![CDATA[<div class="test-message">&emsp;Value of PolicyHeader_drpBusinessType_pathType: ------->css</div>]]>
            </line>
            <line>
              <![CDATA[<div class="test-message">&emsp;Value of PolicyHeader_drpBusinessType_screenShot: ------->false</div>]]>
            </line>
            <line>
              <![CDATA[<div class="test-message">&emsp;Value of PolicyHeader_drpBusinessType_type: ------->select</div>]]>
            </line>
            <line>
              <![CDATA[<div class="test-event"> <font color="maroon"> <small> &emsp; &emsp;--- 02 Dec 14:04:39 087 - Element is displayed:: [[RemoteWebDriver: chrome on XP (d562e8e56f6b4f5a8b449a377009226b)] -> css selector: [name='ctl00_cntMainBody_POLICYHEADER__BUSINESSTYPE']]</small> </font> </div>]]>
            </line>
            <line>
              <![CDATA[<div class="test-message">&emsp;selected the dropdown drpBusinessType option : Direct Business]]>
            </line>
            <line>
              <![CDATA[<div class="test-message">&emsp;Value of PolicyHeader_spinnerWait_fieldLabel: ------->spinnerWait</div>]]>
            </line>
            <line>
              <![CDATA[<div class="test-message">&emsp;Value of PolicyHeader_spinnerWait_id: ------->spinner</div>]]>
            </line>
            <line>
              <![CDATA[<div class="test-message">&emsp;Value of PolicyHeader_spinnerWait_screenShot: ------->false</div>]]>
            </line>
            <line>
              <![CDATA[<div class="test-message">&emsp;Value of PolicyHeader_spinnerWait_type: ------->selectSpinner</div>]]>
            </line>
            <line>
              <![CDATA[<div class="test-event"> <font color="maroon"> <small> &emsp; &emsp;--- 02 Dec 14:04:40 299 - <b>1</b> - Spinner Load Wait: (Sync) - com.ssp.utils.WaitUtils.waitForSpinner(WaitUtils.java:130)</small> </font> </div>]]>
            </line>
            <line>
              <![CDATA[<div class="test-message">&emsp;Value of PolicyHeader_drpBusinessSource_fieldLabel: ------->drpBusinessSource</div>]]>
            </line>
            <line>
              <![CDATA[<div class="test-message">&emsp;Value of PolicyHeader_drpBusinessSource_id: ------->drpBusinessSource</div>]]>
            </line>
            <line>
              <![CDATA[<div class="test-message">&emsp;Value of PolicyHeader_drpBusinessSource_pathType: ------->css</div>]]>
            </line>
            <line>
              <![CDATA[<div class="test-message">&emsp;Value of PolicyHeader_drpBusinessSource_screenShot: ------->false</div>]]>
            </line>
            <line>
              <![CDATA[<div class="test-message">&emsp;Value of PolicyHeader_drpBusinessSource_type: ------->select</div>]]>
            </line>
            <line>
              <![CDATA[<div class="test-event"> <font color="maroon"> <small> &emsp; &emsp;--- 02 Dec 14:04:40 508 - Element is displayed:: [[RemoteWebDriver: chrome on XP (d562e8e56f6b4f5a8b449a377009226b)] -> css selector: [name='ctl00_cntMainBody_POLICYHEADER__ANALYSISCODE']]</small> </font> </div>]]>
            </line>
            <line>
              <![CDATA[<div class="test-message">&emsp;selected the dropdown drpBusinessSource option : Yellow Pages]]>
            </line>
            <line>
              <![CDATA[<div class="test-message">&emsp;Value of PolicyHeader_Compliance tab_fieldLabel: ------->Compliance tab</div>]]>
            </line>
            <line>
              <![CDATA[<div class="test-message">&emsp;Value of PolicyHeader_Compliance tab_id: ------->tabCompliance</div>]]>
            </line>
            <line>
              <![CDATA[<div class="test-message">&emsp;Value of PolicyHeader_Compliance tab_pathType: ------->css</div>]]>
            </line>
            <line>
              <![CDATA[<div class="test-message">&emsp;Value of PolicyHeader_Compliance tab_screenShot: ------->false</div>]]>
            </line>
            <line>
              <![CDATA[<div class="test-message">&emsp;Value of PolicyHeader_Compliance tab_type: ------->link</div>]]>
            </line>
            <line>
              <![CDATA[<div class="test-event"> <font color="maroon"> <small> &emsp; &emsp;--- 02 Dec 14:04:41 029 - Element is displayed:: [[RemoteWebDriver: chrome on XP (d562e8e56f6b4f5a8b449a377009226b)] -> css selector: a[href='#tab-compliancedetails']]</small> </font> </div>]]>
            </line>
            <line>
              <![CDATA[<div class="test-message">&emsp;Link clicked Compliance tab : ]]>
            </line>
            <line>
              <![CDATA[<div class="test-message">&emsp;Value of PolicyHeader_CustomerCategory_fieldLabel: ------->CustomerCategory</div>]]>
            </line>
            <line>
              <![CDATA[<div class="test-message">&emsp;Value of PolicyHeader_CustomerCategory_id: ------->drpCustomerCategory</div>]]>
            </line>
            <line>
              <![CDATA[<div class="test-message">&emsp;Value of PolicyHeader_CustomerCategory_pathType: ------->css</div>]]>
            </line>
            <line>
              <![CDATA[<div class="test-message">&emsp;Value of PolicyHeader_CustomerCategory_screenShot: ------->false</div>]]>
            </line>
            <line>
              <![CDATA[<div class="test-message">&emsp;Value of PolicyHeader_CustomerCategory_type: ------->select</div>]]>
            </line>
            <line>
              <![CDATA[<div class="test-event"> <font color="maroon"> <small> &emsp; &emsp;--- 02 Dec 14:04:41 360 - Element is displayed:: [[RemoteWebDriver: chrome on XP (d562e8e56f6b4f5a8b449a377009226b)] -> css selector: #ctl00_cntMainBody_CUSTOMER_CATEGORY]</small> </font> </div>]]>
            </line>
            <line>
              <![CDATA[<div class="test-message">&emsp;selected the dropdown CustomerCategory option : Commercial]]>
            </line>
            <line>
              <![CDATA[<div class="test-message">&emsp;Value of PolicyHeader_MethodOfSale_fieldLabel: ------->MethodOfSale</div>]]>
            </line>
            <line>
              <![CDATA[<div class="test-message">&emsp;Value of PolicyHeader_MethodOfSale_id: ------->drpMethodOfSale</div>]]>
            </line>
            <line>
              <![CDATA[<div class="test-message">&emsp;Value of PolicyHeader_MethodOfSale_pathType: ------->css</div>]]>
            </line>
            <line>
              <![CDATA[<div class="test-message">&emsp;Value of PolicyHeader_MethodOfSale_screenShot: ------->false</div>]]>
            </line>
            <line>
              <![CDATA[<div class="test-message">&emsp;Value of PolicyHeader_MethodOfSale_type: ------->select</div>]]>
            </line>
            <line>
              <![CDATA[<div class="test-event"> <font color="maroon"> <small> &emsp; &emsp;--- 02 Dec 14:04:41 791 - Element is displayed:: [[RemoteWebDriver: chrome on XP (d562e8e56f6b4f5a8b449a377009226b)] -> css selector: #ctl00_cntMainBody_METHOD_OF_SALE]</small> </font> </div>]]>
            </line>
            <line>
              <![CDATA[<div class="test-message">&emsp;selected the dropdown MethodOfSale option : Non Distance]]>
            </line>
            <line>
              <![CDATA[<div class="test-message">&emsp;Value of PolicyHeader_TermAgreed_fieldLabel: ------->TermAgreed</div>]]>
            </line>
            <line>
              <![CDATA[<div class="test-message">&emsp;Value of PolicyHeader_TermAgreed_id: ------->drpTermAgreed</div>]]>
            </line>
            <line>
              <![CDATA[<div class="test-message">&emsp;Value of PolicyHeader_TermAgreed_pathType: ------->css</div>]]>
            </line>
            <line>
              <![CDATA[<div class="test-message">&emsp;Value of PolicyHeader_TermAgreed_screenShot: ------->false</div>]]>
            </line>
            <line>
              <![CDATA[<div class="test-message">&emsp;Value of PolicyHeader_TermAgreed_type: ------->select</div>]]>
            </line>
            <line>
              <![CDATA[<div class="test-event"> <font color="maroon"> <small> &emsp; &emsp;--- 02 Dec 14:04:42 213 - Element is displayed:: [[RemoteWebDriver: chrome on XP (d562e8e56f6b4f5a8b449a377009226b)] -> css selector: select#ctl00_cntMainBody_ddlTermsAgreed]</small> </font> </div>]]>
            </line>
            <line>
              <![CDATA[<div class="test-message">&emsp;selected the dropdown TermAgreed option : No]]>
            </line>
            <line>
              <![CDATA[<div class="test-message">&emsp;Value of PolicyHeader_TypeOfSale_fieldLabel: ------->TypeOfSale</div>]]>
            </line>
            <line>
              <![CDATA[<div class="test-message">&emsp;Value of PolicyHeader_TypeOfSale_id: ------->drpTypeOfSale</div>]]>
            </line>
            <line>
              <![CDATA[<div class="test-message">&emsp;Value of PolicyHeader_TypeOfSale_pathType: ------->css</div>]]>
            </line>
            <line>
              <![CDATA[<div class="test-message">&emsp;Value of PolicyHeader_TypeOfSale_screenShot: ------->false</div>]]>
            </line>
            <line>
              <![CDATA[<div class="test-message">&emsp;Value of PolicyHeader_TypeOfSale_type: ------->select</div>]]>
            </line>
            <line>
              <![CDATA[<div class="test-event"> <font color="maroon"> <small> &emsp; &emsp;--- 02 Dec 14:04:42 637 - Element is displayed:: [[RemoteWebDriver: chrome on XP (d562e8e56f6b4f5a8b449a377009226b)] -> css selector: #ctl00_cntMainBody_TYPE_OF_SALE]</small> </font> </div>]]>
            </line>
            <line>
              <![CDATA[<div class="test-message">&emsp;selected the dropdown TypeOfSale option : Advised]]>
            </line>
            <line>
              <![CDATA[<div class="test-message">&emsp;Value of PolicyHeader_UnderWriter_fieldLabel: ------->UnderWriter</div>]]>
            </line>
            <line>
              <![CDATA[<div class="test-message">&emsp;Value of PolicyHeader_UnderWriter_id: ------->fldUnderWriter</div>]]>
            </line>
            <line>
              <![CDATA[<div class="test-message">&emsp;Value of PolicyHeader_UnderWriter_pathType: ------->css</div>]]>
            </line>
            <line>
              <![CDATA[<div class="test-message">&emsp;Value of PolicyHeader_UnderWriter_screenShot: ------->true</div>]]>
            </line>
            <line>
              <![CDATA[<div class="test-message">&emsp;Value of PolicyHeader_UnderWriter_type: ------->textfield</div>]]>
            </line>
            <line>
              <![CDATA[<div class="test-event"> <font color="maroon"> <small> &emsp; &emsp;--- 02 Dec 14:04:43 930 - <b>1</b> - Spinner Load Wait: (Sync) - com.ssp.utils.WaitUtils.waitForSpinner(WaitUtils.java:130)</small> </font> </div>]]>
            </line>
            <line>
              <![CDATA[<div class="test-message">&emsp;Entered text inside UnderWriter : Test&emsp;<a href=".\ScreenShot\TC_7330_FullCommMovementQnBProcess_MMVP-Login_5.png" target="_blank" >[ScreenShot]</a></div>]]>
            </line>
            <line>
              <![CDATA[<div class="test-message">&emsp;Value of PolicyHeader_NextButton_fieldLabel: ------->NextButton</div>]]>
            </line>
            <line>
              <![CDATA[<div class="test-message">&emsp;Value of PolicyHeader_NextButton_id: ------->btnNext</div>]]>
            </line>
            <line>
              <![CDATA[<div class="test-message">&emsp;Value of PolicyHeader_NextButton_pathType: ------->css</div>]]>
            </line>
            <line>
              <![CDATA[<div class="test-message">&emsp;Value of PolicyHeader_NextButton_screenShot: ------->false</div>]]>
            </line>
            <line>
              <![CDATA[<div class="test-message">&emsp;Value of PolicyHeader_NextButton_type: ------->Button</div>]]>
            </line>
            <line>
              <![CDATA[<div class="test-event"> <font color="maroon"> <small> &emsp; &emsp;--- 02 Dec 14:04:47 289 - <b>1</b> - Spinner Load Wait: (Sync) - com.ssp.utils.WaitUtils.waitForSpinner(WaitUtils.java:130)</small> </font> </div>]]>
            </line>
            <line>
              <![CDATA[<div class="test-event"> <font color="maroon"> <small> &emsp; &emsp;--- 02 Dec 14:04:55 927 - <b>1</b> - Spinner Load Wait: (Sync) - com.ssp.utils.WaitUtils.waitForSpinner(WaitUtils.java:130)</small> </font> </div>]]>
            </line>
            <line>
              <![CDATA[<div class="test-message">&emsp;Clicked on button NextButton]]>
            </line>
            <line>
              <![CDATA[<div class="test-message">&emsp;Value of PolicyHeader_spinnerWait_fieldLabel: ------->spinnerWait</div>]]>
            </line>
            <line>
              <![CDATA[<div class="test-message">&emsp;Value of PolicyHeader_spinnerWait_id: ------->spinner</div>]]>
            </line>
            <line>
              <![CDATA[<div class="test-message">&emsp;Value of PolicyHeader_spinnerWait_screenShot: ------->false</div>]]>
            </line>
            <line>
              <![CDATA[<div class="test-message">&emsp;Value of PolicyHeader_spinnerWait_type: ------->selectSpinner</div>]]>
            </line>
            <line>
              <![CDATA[<div class="test-event"> <font color="maroon"> <small> &emsp; &emsp;--- 02 Dec 14:04:56 990 - <b>1</b> - Spinner Load Wait: (Sync) - com.ssp.utils.WaitUtils.waitForSpinner(WaitUtils.java:130)</small> </font> </div>]]>
            </line>
            <line>
              <![CDATA[<div class="test-message">&emsp;Value of PolicyHeader_Insured_General_GuestHouse_fieldLabel: ------->Insured_General_GuestHouse</div>]]>
            </line>
            <line>
              <![CDATA[<div class="test-message">&emsp;Value of PolicyHeader_Insured_General_GuestHouse_id: ------->fieldInsuredGeneralGuestHouse</div>]]>
            </line>
            <line>
              <![CDATA[<div class="test-message">&emsp;Value of PolicyHeader_Insured_General_GuestHouse_pathType: ------->css</div>]]>
            </line>
            <line>
              <![CDATA[<div class="test-message">&emsp;Value of PolicyHeader_Insured_General_GuestHouse_screenShot: ------->false</div>]]>
            </line>
            <line>
              <![CDATA[<div class="test-message">&emsp;Value of PolicyHeader_Insured_General_GuestHouse_type: ------->textfield</div>]]>
            </line>
            <line>
              <![CDATA[<div class="test-event"> <font color="maroon"> <small> &emsp; &emsp;--- 02 Dec 14:04:58 056 - <b>1</b> - Spinner Load Wait: (Sync) - com.ssp.utils.WaitUtils.waitForSpinner(WaitUtils.java:130)</small> </font> </div>]]>
            </line>
            <line>
              <![CDATA[<!--FAIL-->]]>
            </line>
            <line>
              <![CDATA[<div class="test-result"><br><font color="red"><strong> Error while entering text inInsured_General_GuestHouse </strong></font> </div>&emsp;]]>
            </line>
            <line>
              <![CDATA[<div class="test-result"><br><font color="red"><strong> java.lang.Exception: java.lang.Exception: java.lang.Exception: No Element Found to enter textorg.openqa.selenium.NoSuchElementException: no such element: Unable to locate element: {"method":"css selector","selector":"#ctl00_cntMainBody_GENERAL_DETAILS__Insured"} </strong></font> <a href=".\ScreenShot\TC_7330_FullCommMovementQnBProcess_MMVP-Login_6.png" target="_blank" >[ScreenShot]</a></div>&emsp;]]>
            </line>
            <line>
              <![CDATA[<!--FAIL-->]]>
            </line>
            <line>
              <![CDATA[<div class="test-result"><br><font color="red"><strong> Test Failed </strong></font> </div>&emsp;]]>
            </line>
          </reporter-output>
        </test-method> <!-- TC_7330_FullCommMovementQnBProcess -->
        <test-method status="PASS" signature="closeBrowser()[pri:0, instance:com.ssp.regression.insurer.testscripts.US_7330@5e57643e]" name="closeBrowser" is-config="true" duration-ms="1" started-at="2019-12-02T08:35:00Z" finished-at="2019-12-02T08:35:00Z">
          <reporter-output>
          </reporter-output>
        </test-method> <!-- closeBrowser -->
        <test-method status="PASS" signature="afterSuite()[pri:0, instance:com.ssp.regression.insurer.testscripts.US_7330@5e57643e]" name="afterSuite" is-config="true" duration-ms="2866" started-at="2019-12-02T08:35:00Z" finished-at="2019-12-02T08:35:03Z">
          <reporter-output>
          </reporter-output>
        </test-method> <!-- afterSuite -->
      </class> <!-- com.ssp.regression.insurer.testscripts.US_7330 -->
    </test> <!-- MMVP-Login -->
  </suite> <!-- SIAAS_Regression -->
</testng-results>
